# JRE version: OpenJDK Runtime Environment (17.0.10) (build 17.0.10+0--11609105)
# Java VM: OpenJDK 64-Bit Server VM (17.0.10+0--11609105, mixed mode, tiered, compressed oops, compressed class ptrs, g1 gc, windows-amd64)
GC Precious Log:
 CPUs: 8 total, 8 available
 Memory: 16228M
 Large Page Support: Disabled
 NUMA Support: Disabled
 Compressed Oops: Enabled (Zero based)
 Heap Region Size: 2M
 Heap Min Capacity: 8M
 Heap Initial Capacity: 254M
 Heap Max Capacity: 4058M
 Pre-touch: Disabled
 Parallel Workers: 8
 Concurrent Workers: 2
 Concurrent Refinement Workers: 8
 Periodic GC: Disabled
Heap:
 garbage-first heap   total 229376K, used 76389K [0x0000000702600000, 0x0000000800000000)
  region size 2048K, 3 young (6144K), 3 survivors (6144K)
 Metaspace       used 61897K, committed 62208K, reserved 1114112K
  class space    used 7103K, committed 7232K, reserved 1048576K
GC Heap History (20 events):
Event: 1.119 GC heap after
{Heap after GC invocations=5 (full 0):
 garbage-first heap   total 45056K, used 19083K [0x0000000702600000, 0x0000000800000000)
  region size 2048K, 2 young (4096K), 2 survivors (4096K)
 Metaspace       used 24631K, committed 24896K, reserved 1114112K
  class space    used 2672K, committed 2816K, reserved 1048576K
}
Event: 1.291 GC heap before
{Heap before GC invocations=5 (full 0):
 garbage-first heap   total 45056K, used 25227K [0x0000000702600000, 0x0000000800000000)
  region size 2048K, 6 young (12288K), 2 survivors (4096K)
 Metaspace       used 26794K, committed 27072K, reserved 1114112K
  class space    used 2934K, committed 3072K, reserved 1048576K
}
Event: 1.295 GC heap after
{Heap after GC invocations=6 (full 0):
 garbage-first heap   total 45056K, used 20483K [0x0000000702600000, 0x0000000800000000)
  region size 2048K, 1 young (2048K), 1 survivors (2048K)
 Metaspace       used 26794K, committed 27072K, reserved 1114112K
  class space    used 2934K, committed 3072K, reserved 1048576K
}
Event: 1.456 GC heap before
{Heap before GC invocations=6 (full 0):
 garbage-first heap   total 45056K, used 28675K [0x0000000702600000, 0x0000000800000000)
  region size 2048K, 5 young (10240K), 1 survivors (2048K)
 Metaspace       used 29093K, committed 29312K, reserved 1114112K
  class space    used 3238K, committed 3328K, reserved 1048576K
}
Event: 1.457 GC heap after
{Heap after GC invocations=7 (full 0):
 garbage-first heap   total 45056K, used 20049K [0x0000000702600000, 0x0000000800000000)
  region size 2048K, 1 young (2048K), 1 survivors (2048K)
 Metaspace       used 29093K, committed 29312K, reserved 1114112K
  class space    used 3238K, committed 3328K, reserved 1048576K
}
Event: 1.627 GC heap before
{Heap before GC invocations=8 (full 0):
 garbage-first heap   total 45056K, used 26193K [0x0000000702600000, 0x0000000800000000)
  region size 2048K, 5 young (10240K), 1 survivors (2048K)
 Metaspace       used 31737K, committed 32000K, reserved 1114112K
  class space    used 3974K, committed 4096K, reserved 1048576K
}
Event: 1.630 GC heap after
{Heap after GC invocations=9 (full 0):
 garbage-first heap   total 45056K, used 20652K [0x0000000702600000, 0x0000000800000000)
  region size 2048K, 1 young (2048K), 1 survivors (2048K)
 Metaspace       used 31737K, committed 32000K, reserved 1114112K
  class space    used 3974K, committed 4096K, reserved 1048576K
}
Event: 1.662 GC heap before
{Heap before GC invocations=9 (full 0):
 garbage-first heap   total 45056K, used 22700K [0x0000000702600000, 0x0000000800000000)
  region size 2048K, 2 young (4096K), 1 survivors (2048K)
 Metaspace       used 32162K, committed 32448K, reserved 1114112K
  class space    used 4026K, committed 4160K, reserved 1048576K
}
Event: 1.667 GC heap after
{Heap after GC invocations=10 (full 0):
 garbage-first heap   total 153600K, used 20635K [0x0000000702600000, 0x0000000800000000)
  region size 2048K, 1 young (2048K), 1 survivors (2048K)
 Metaspace       used 32162K, committed 32448K, reserved 1114112K
  class space    used 4026K, committed 4160K, reserved 1048576K
}
Event: 3.144 GC heap before
{Heap before GC invocations=10 (full 0):
 garbage-first heap   total 153600K, used 98459K [0x0000000702600000, 0x0000000800000000)
  region size 2048K, 39 young (79872K), 1 survivors (2048K)
 Metaspace       used 44651K, committed 44864K, reserved 1114112K
  class space    used 5269K, committed 5376K, reserved 1048576K
}
Event: 3.159 GC heap after
{Heap after GC invocations=11 (full 0):
 garbage-first heap   total 153600K, used 31958K [0x0000000702600000, 0x0000000800000000)
  region size 2048K, 5 young (10240K), 5 survivors (10240K)
 Metaspace       used 44651K, committed 44864K, reserved 1114112K
  class space    used 5269K, committed 5376K, reserved 1048576K
}
Event: 3.889 GC heap before
{Heap before GC invocations=11 (full 0):
 garbage-first heap   total 153600K, used 99542K [0x0000000702600000, 0x0000000800000000)
  region size 2048K, 39 young (79872K), 5 survivors (10240K)
 Metaspace       used 49019K, committed 49216K, reserved 1114112K
  class space    used 5683K, committed 5760K, reserved 1048576K
}
Event: 3.919 GC heap after
{Heap after GC invocations=12 (full 0):
 garbage-first heap   total 153600K, used 49836K [0x0000000702600000, 0x0000000800000000)
  region size 2048K, 5 young (10240K), 5 survivors (10240K)
 Metaspace       used 49019K, committed 49216K, reserved 1114112K
  class space    used 5683K, committed 5760K, reserved 1048576K
}
Event: 5.130 GC heap before
{Heap before GC invocations=13 (full 0):
 garbage-first heap   total 153600K, used 98988K [0x0000000702600000, 0x0000000800000000)
  region size 2048K, 29 young (59392K), 5 survivors (10240K)
 Metaspace       used 57620K, committed 57856K, reserved 1114112K
  class space    used 6711K, committed 6848K, reserved 1048576K
}
Event: 5.162 GC heap after
{Heap after GC invocations=14 (full 0):
 garbage-first heap   total 153600K, used 59392K [0x0000000702600000, 0x0000000800000000)
  region size 2048K, 4 young (8192K), 4 survivors (8192K)
 Metaspace       used 57620K, committed 57856K, reserved 1114112K
  class space    used 6711K, committed 6848K, reserved 1048576K
}
Event: 5.210 GC heap before
{Heap before GC invocations=14 (full 0):
 garbage-first heap   total 153600K, used 61440K [0x0000000702600000, 0x0000000800000000)
  region size 2048K, 5 young (10240K), 4 survivors (8192K)
 Metaspace       used 58043K, committed 58304K, reserved 1114112K
  class space    used 6780K, committed 6912K, reserved 1048576K
}
Event: 5.234 GC heap after
{Heap after GC invocations=15 (full 0):
 garbage-first heap   total 153600K, used 60384K [0x0000000702600000, 0x0000000800000000)
  region size 2048K, 1 young (2048K), 1 survivors (2048K)
 Metaspace       used 58043K, committed 58304K, reserved 1114112K
  class space    used 6780K, committed 6912K, reserved 1048576K
}
Event: 6.320 GC heap before
{Heap before GC invocations=15 (full 0):
 garbage-first heap   total 153600K, used 105440K [0x0000000702600000, 0x0000000800000000)
  region size 2048K, 23 young (47104K), 1 survivors (2048K)
 Metaspace       used 60679K, committed 61056K, reserved 1114112K
  class space    used 7060K, committed 7232K, reserved 1048576K
}
Event: 6.335 GC heap after
{Heap after GC invocations=16 (full 0):
 garbage-first heap   total 153600K, used 68838K [0x0000000702600000, 0x0000000800000000)
  region size 2048K, 3 young (6144K), 3 survivors (6144K)
 Metaspace       used 60679K, committed 61056K, reserved 1114112K
  class space    used 7060K, committed 7232K, reserved 1048576K
}
Event: 7.255 GC heap before
{Heap before GC invocations=16 (full 0):
 garbage-first heap   total 153600K, used 109798K [0x0000000702600000, 0x0000000800000000)
  region size 2048K, 23 young (47104K), 3 survivors (6144K)
 Metaspace       used 61897K, committed 62208K, reserved 1114112K
  class space    used 7103K, committed 7232K, reserved 1048576K
}

