# JRE version: OpenJDK Runtime Environment (17.0.10) (build 17.0.10+0--11609105)
# Java VM: OpenJDK 64-Bit Server VM (17.0.10+0--11609105, mixed mode, tiered, compressed oops, compressed class ptrs, g1 gc, windows-amd64)
GC Precious Log:
 CPUs: 8 total, 8 available
 Memory: 16228M
 Large Page Support: Disabled
 NUMA Support: Disabled
 Compressed Oops: Enabled (32-bit)
 Heap Region Size: 1M
 Heap Min Capacity: 8M
 Heap Initial Capacity: 254M
 Heap Max Capacity: 2G
 Pre-touch: Disabled
 Parallel Workers: 8
 Concurrent Workers: 2
 Concurrent Refinement Workers: 8
 Periodic GC: Disabled
Heap:
 garbage-first heap   total 362496K, used 312944K [0x0000000080000000, 0x0000000100000000)
  region size 1024K, 3 young (3072K), 3 survivors (3072K)
 Metaspace       used 180693K, committed 181952K, reserved 1245184K
  class space    used 23446K, committed 24064K, reserved 1048576K
GC Heap History (20 events):
Event: 55.899 GC heap after
{Heap after GC invocations=66 (full 0):
 garbage-first heap   total 362496K, used 275363K [0x0000000080000000, 0x0000000100000000)
  region size 1024K, 6 young (6144K), 6 survivors (6144K)
 Metaspace       used 177338K, committed 178560K, reserved 1245184K
  class space    used 23249K, committed 23872K, reserved 1048576K
}
Event: 56.711 GC heap before
{Heap before GC invocations=66 (full 0):
 garbage-first heap   total 362496K, used 311203K [0x0000000080000000, 0x0000000100000000)
  region size 1024K, 41 young (41984K), 6 survivors (6144K)
 Metaspace       used 179823K, committed 181056K, reserved 1245184K
  class space    used 23412K, committed 24000K, reserved 1048576K
}
Event: 56.718 GC heap after
{Heap after GC invocations=67 (full 0):
 garbage-first heap   total 362496K, used 279520K [0x0000000080000000, 0x0000000100000000)
  region size 1024K, 5 young (5120K), 5 survivors (5120K)
 Metaspace       used 179823K, committed 181056K, reserved 1245184K
  class space    used 23412K, committed 24000K, reserved 1048576K
}
Event: 57.243 GC heap before
{Heap before GC invocations=67 (full 0):
 garbage-first heap   total 362496K, used 311264K [0x0000000080000000, 0x0000000100000000)
  region size 1024K, 37 young (37888K), 5 survivors (5120K)
 Metaspace       used 180240K, committed 181504K, reserved 1245184K
  class space    used 23434K, committed 24064K, reserved 1048576K
}
Event: 57.254 GC heap after
{Heap after GC invocations=68 (full 0):
 garbage-first heap   total 362496K, used 277220K [0x0000000080000000, 0x0000000100000000)
  region size 1024K, 5 young (5120K), 5 survivors (5120K)
 Metaspace       used 180240K, committed 181504K, reserved 1245184K
  class space    used 23434K, committed 24064K, reserved 1048576K
}
Event: 57.590 GC heap before
{Heap before GC invocations=68 (full 0):
 garbage-first heap   total 362496K, used 311012K [0x0000000080000000, 0x0000000100000000)
  region size 1024K, 39 young (39936K), 5 survivors (5120K)
 Metaspace       used 180368K, committed 181632K, reserved 1245184K
  class space    used 23434K, committed 24064K, reserved 1048576K
}
Event: 57.597 GC heap after
{Heap after GC invocations=69 (full 0):
 garbage-first heap   total 362496K, used 280260K [0x0000000080000000, 0x0000000100000000)
  region size 1024K, 4 young (4096K), 4 survivors (4096K)
 Metaspace       used 180368K, committed 181632K, reserved 1245184K
  class space    used 23434K, committed 24064K, reserved 1048576K
}
Event: 333.043 GC heap before
{Heap before GC invocations=69 (full 0):
 garbage-first heap   total 362496K, used 312004K [0x0000000080000000, 0x0000000100000000)
  region size 1024K, 36 young (36864K), 4 survivors (4096K)
 Metaspace       used 180595K, committed 181824K, reserved 1245184K
  class space    used 23444K, committed 24064K, reserved 1048576K
}
Event: 333.051 GC heap after
{Heap after GC invocations=70 (full 0):
 garbage-first heap   total 362496K, used 281643K [0x0000000080000000, 0x0000000100000000)
  region size 1024K, 2 young (2048K), 2 survivors (2048K)
 Metaspace       used 180595K, committed 181824K, reserved 1245184K
  class space    used 23444K, committed 24064K, reserved 1048576K
}
Event: 333.361 GC heap before
{Heap before GC invocations=70 (full 0):
 garbage-first heap   total 362496K, used 320555K [0x0000000080000000, 0x0000000100000000)
  region size 1024K, 34 young (34816K), 2 survivors (2048K)
 Metaspace       used 180681K, committed 181952K, reserved 1245184K
  class space    used 23446K, committed 24064K, reserved 1048576K
}
Event: 333.364 GC heap after
{Heap after GC invocations=71 (full 0):
 garbage-first heap   total 362496K, used 293322K [0x0000000080000000, 0x0000000100000000)
  region size 1024K, 5 young (5120K), 5 survivors (5120K)
 Metaspace       used 180681K, committed 181952K, reserved 1245184K
  class space    used 23446K, committed 24064K, reserved 1048576K
}
Event: 333.407 GC heap before
{Heap before GC invocations=71 (full 0):
 garbage-first heap   total 362496K, used 314826K [0x0000000080000000, 0x0000000100000000)
  region size 1024K, 27 young (27648K), 5 survivors (5120K)
 Metaspace       used 180681K, committed 181952K, reserved 1245184K
  class space    used 23446K, committed 24064K, reserved 1048576K
}
Event: 333.417 GC heap after
{Heap after GC invocations=72 (full 0):
 garbage-first heap   total 362496K, used 302141K [0x0000000080000000, 0x0000000100000000)
  region size 1024K, 4 young (4096K), 4 survivors (4096K)
 Metaspace       used 180681K, committed 181952K, reserved 1245184K
  class space    used 23446K, committed 24064K, reserved 1048576K
}
Event: 333.451 GC heap before
{Heap before GC invocations=72 (full 0):
 garbage-first heap   total 362496K, used 315453K [0x0000000080000000, 0x0000000100000000)
  region size 1024K, 17 young (17408K), 4 survivors (4096K)
 Metaspace       used 180684K, committed 181952K, reserved 1245184K
  class space    used 23446K, committed 24064K, reserved 1048576K
}
Event: 333.457 GC heap after
{Heap after GC invocations=73 (full 0):
 garbage-first heap   total 362496K, used 299180K [0x0000000080000000, 0x0000000100000000)
  region size 1024K, 3 young (3072K), 3 survivors (3072K)
 Metaspace       used 180684K, committed 181952K, reserved 1245184K
  class space    used 23446K, committed 24064K, reserved 1048576K
}
Event: 333.489 GC heap before
{Heap before GC invocations=73 (full 0):
 garbage-first heap   total 362496K, used 313516K [0x0000000080000000, 0x0000000100000000)
  region size 1024K, 17 young (17408K), 3 survivors (3072K)
 Metaspace       used 180687K, committed 181952K, reserved 1245184K
  class space    used 23446K, committed 24064K, reserved 1048576K
}
Event: 333.494 GC heap after
{Heap after GC invocations=74 (full 0):
 garbage-first heap   total 362496K, used 303721K [0x0000000080000000, 0x0000000100000000)
  region size 1024K, 3 young (3072K), 3 survivors (3072K)
 Metaspace       used 180687K, committed 181952K, reserved 1245184K
  class space    used 23446K, committed 24064K, reserved 1048576K
}
Event: 333.546 GC heap before
{Heap before GC invocations=74 (full 0):
 garbage-first heap   total 362496K, used 318057K [0x0000000080000000, 0x0000000100000000)
  region size 1024K, 17 young (17408K), 3 survivors (3072K)
 Metaspace       used 180693K, committed 181952K, reserved 1245184K
  class space    used 23446K, committed 24064K, reserved 1048576K
}
Event: 333.554 GC heap after
{Heap after GC invocations=75 (full 0):
 garbage-first heap   total 362496K, used 308165K [0x0000000080000000, 0x0000000100000000)
  region size 1024K, 3 young (3072K), 3 survivors (3072K)
 Metaspace       used 180693K, committed 181952K, reserved 1245184K
  class space    used 23446K, committed 24064K, reserved 1048576K
}
Event: 333.633 GC heap before
{Heap before GC invocations=75 (full 0):
 garbage-first heap   total 362496K, used 321477K [0x0000000080000000, 0x0000000100000000)
  region size 1024K, 17 young (17408K), 3 survivors (3072K)
 Metaspace       used 180693K, committed 181952K, reserved 1245184K
  class space    used 23446K, committed 24064K, reserved 1048576K
}

