# JRE version: OpenJDK Runtime Environment (17.0.10) (build 17.0.10+0--11609105)
# Java VM: OpenJDK 64-Bit Server VM (17.0.10+0--11609105, mixed mode, tiered, compressed oops, compressed class ptrs, g1 gc, windows-amd64)
GC Precious Log:
 CPUs: 8 total, 8 available
 Memory: 16228M
 Large Page Support: Disabled
 NUMA Support: Disabled
 Compressed Oops: Enabled (32-bit)
 Heap Region Size: 1M
 Heap Min Capacity: 8M
 Heap Initial Capacity: 254M
 Heap Max Capacity: 2G
 Pre-touch: Disabled
 Parallel Workers: 8
 Concurrent Workers: 2
 Concurrent Refinement Workers: 8
 Periodic GC: Disabled
Heap:
 garbage-first heap   total 592896K, used 421665K [0x0000000080000000, 0x0000000100000000)
  region size 1024K, 47 young (48128K), 20 survivors (20480K)
 Metaspace       used 217290K, committed 218944K, reserved 1245184K
  class space    used 27705K, committed 28544K, reserved 1048576K
GC Heap History (20 events):
Event: 7722.149 GC heap before
{Heap before GC invocations=106 (full 0):
 garbage-first heap   total 417792K, used 356352K [0x0000000080000000, 0x0000000100000000)
  region size 1024K, 49 young (50176K), 9 survivors (9216K)
 Metaspace       used 214377K, committed 215680K, reserved 1245184K
  class space    used 27439K, committed 28096K, reserved 1048576K
}
Event: 7722.158 GC heap after
{Heap after GC invocations=107 (full 0):
 garbage-first heap   total 417792K, used 320781K [0x0000000080000000, 0x0000000100000000)
  region size 1024K, 5 young (5120K), 5 survivors (5120K)
 Metaspace       used 214377K, committed 215680K, reserved 1245184K
  class space    used 27439K, committed 28096K, reserved 1048576K
}
Event: 7722.564 GC heap before
{Heap before GC invocations=107 (full 0):
 garbage-first heap   total 417792K, used 357645K [0x0000000080000000, 0x0000000100000000)
  region size 1024K, 41 young (41984K), 5 survivors (5120K)
 Metaspace       used 214692K, committed 216064K, reserved 1245184K
  class space    used 27441K, committed 28096K, reserved 1048576K
}
Event: 7722.571 GC heap after
{Heap after GC invocations=108 (full 0):
 garbage-first heap   total 417792K, used 325905K [0x0000000080000000, 0x0000000100000000)
  region size 1024K, 5 young (5120K), 5 survivors (5120K)
 Metaspace       used 214692K, committed 216064K, reserved 1245184K
  class space    used 27441K, committed 28096K, reserved 1048576K
}
Event: 7722.694 GC heap before
{Heap before GC invocations=108 (full 0):
 garbage-first heap   total 417792K, used 360721K [0x0000000080000000, 0x0000000100000000)
  region size 1024K, 38 young (38912K), 5 survivors (5120K)
 Metaspace       used 214714K, committed 216064K, reserved 1245184K
  class space    used 27441K, committed 28096K, reserved 1048576K
}
Event: 7722.702 GC heap after
{Heap after GC invocations=109 (full 0):
 garbage-first heap   total 417792K, used 333216K [0x0000000080000000, 0x0000000100000000)
  region size 1024K, 5 young (5120K), 5 survivors (5120K)
 Metaspace       used 214714K, committed 216064K, reserved 1245184K
  class space    used 27441K, committed 28096K, reserved 1048576K
}
Event: 7722.793 GC heap before
{Heap before GC invocations=109 (full 0):
 garbage-first heap   total 417792K, used 361888K [0x0000000080000000, 0x0000000100000000)
  region size 1024K, 33 young (33792K), 5 survivors (5120K)
 Metaspace       used 214783K, committed 216128K, reserved 1245184K
  class space    used 27441K, committed 28096K, reserved 1048576K
}
Event: 7722.799 GC heap after
{Heap after GC invocations=110 (full 0):
 garbage-first heap   total 417792K, used 336186K [0x0000000080000000, 0x0000000100000000)
  region size 1024K, 3 young (3072K), 3 survivors (3072K)
 Metaspace       used 214783K, committed 216128K, reserved 1245184K
  class space    used 27441K, committed 28096K, reserved 1048576K
}
Event: 7722.950 GC heap before
{Heap before GC invocations=110 (full 0):
 garbage-first heap   total 417792K, used 362810K [0x0000000080000000, 0x0000000100000000)
  region size 1024K, 29 young (29696K), 3 survivors (3072K)
 Metaspace       used 214785K, committed 216128K, reserved 1245184K
  class space    used 27441K, committed 28096K, reserved 1048576K
}
Event: 7722.957 GC heap after
{Heap after GC invocations=111 (full 0):
 garbage-first heap   total 592896K, used 339081K [0x0000000080000000, 0x0000000100000000)
  region size 1024K, 3 young (3072K), 3 survivors (3072K)
 Metaspace       used 214785K, committed 216128K, reserved 1245184K
  class space    used 27441K, committed 28096K, reserved 1048576K
}
Event: 7724.366 GC heap before
{Heap before GC invocations=111 (full 0):
 garbage-first heap   total 592896K, used 500873K [0x0000000080000000, 0x0000000100000000)
  region size 1024K, 152 young (155648K), 3 survivors (3072K)
 Metaspace       used 215778K, committed 217152K, reserved 1245184K
  class space    used 27474K, committed 28160K, reserved 1048576K
}
Event: 7724.379 GC heap after
{Heap after GC invocations=112 (full 0):
 garbage-first heap   total 592896K, used 346681K [0x0000000080000000, 0x0000000100000000)
  region size 1024K, 16 young (16384K), 16 survivors (16384K)
 Metaspace       used 215778K, committed 217152K, reserved 1245184K
  class space    used 27474K, committed 28160K, reserved 1048576K
}
Event: 7724.815 GC heap before
{Heap before GC invocations=112 (full 0):
 garbage-first heap   total 592896K, used 494137K [0x0000000080000000, 0x0000000100000000)
  region size 1024K, 158 young (161792K), 16 survivors (16384K)
 Metaspace       used 215780K, committed 217152K, reserved 1245184K
  class space    used 27475K, committed 28160K, reserved 1048576K
}
Event: 7724.828 GC heap after
{Heap after GC invocations=113 (full 0):
 garbage-first heap   total 592896K, used 350367K [0x0000000080000000, 0x0000000100000000)
  region size 1024K, 5 young (5120K), 5 survivors (5120K)
 Metaspace       used 215780K, committed 217152K, reserved 1245184K
  class space    used 27475K, committed 28160K, reserved 1048576K
}
Event: 7725.501 GC heap before
{Heap before GC invocations=113 (full 0):
 garbage-first heap   total 592896K, used 497823K [0x0000000080000000, 0x0000000100000000)
  region size 1024K, 149 young (152576K), 5 survivors (5120K)
 Metaspace       used 215783K, committed 217152K, reserved 1245184K
  class space    used 27475K, committed 28160K, reserved 1048576K
}
Event: 7725.504 GC heap after
{Heap after GC invocations=114 (full 0):
 garbage-first heap   total 592896K, used 349781K [0x0000000080000000, 0x0000000100000000)
  region size 1024K, 4 young (4096K), 4 survivors (4096K)
 Metaspace       used 215783K, committed 217152K, reserved 1245184K
  class space    used 27475K, committed 28160K, reserved 1048576K
}
Event: 7753.032 GC heap before
{Heap before GC invocations=114 (full 0):
 garbage-first heap   total 592896K, used 504405K [0x0000000080000000, 0x0000000100000000)
  region size 1024K, 155 young (158720K), 4 survivors (4096K)
 Metaspace       used 216522K, committed 218112K, reserved 1245184K
  class space    used 27581K, committed 28352K, reserved 1048576K
}
Event: 7753.040 GC heap after
{Heap after GC invocations=115 (full 0):
 garbage-first heap   total 592896K, used 350656K [0x0000000080000000, 0x0000000100000000)
  region size 1024K, 7 young (7168K), 7 survivors (7168K)
 Metaspace       used 216522K, committed 218112K, reserved 1245184K
  class space    used 27581K, committed 28352K, reserved 1048576K
}
Event: 7753.964 GC heap before
{Heap before GC invocations=115 (full 0):
 garbage-first heap   total 592896K, used 520640K [0x0000000080000000, 0x0000000100000000)
  region size 1024K, 158 young (161792K), 7 survivors (7168K)
 Metaspace       used 217289K, committed 218944K, reserved 1245184K
  class space    used 27705K, committed 28544K, reserved 1048576K
}
Event: 7754.013 GC heap after
{Heap after GC invocations=116 (full 0):
 garbage-first heap   total 592896K, used 395041K [0x0000000080000000, 0x0000000100000000)
  region size 1024K, 20 young (20480K), 20 survivors (20480K)
 Metaspace       used 217289K, committed 218944K, reserved 1245184K
  class space    used 27705K, committed 28544K, reserved 1048576K
}

