# JRE version: OpenJDK Runtime Environment (17.0.10) (build 17.0.10+0--11609105)
# Java VM: OpenJDK 64-Bit Server VM (17.0.10+0--11609105, mixed mode, tiered, compressed oops, compressed class ptrs, g1 gc, windows-amd64)
GC Precious Log:
 CPUs: 8 total, 8 available
 Memory: 16228M
 Large Page Support: Disabled
 NUMA Support: Disabled
 Compressed Oops: Enabled (32-bit)
 Heap Region Size: 1M
 Heap Min Capacity: 8M
 Heap Initial Capacity: 254M
 Heap Max Capacity: 2G
 Pre-touch: Disabled
 Parallel Workers: 8
 Concurrent Workers: 2
 Concurrent Refinement Workers: 8
 Periodic GC: Disabled
Heap:
 garbage-first heap   total 553984K, used 212630K [0x0000000080000000, 0x0000000100000000)
  region size 1024K, 18 young (18432K), 18 survivors (18432K)
 Metaspace       used 163361K, committed 164928K, reserved 1245184K
  class space    used 22077K, committed 22848K, reserved 1048576K
GC Heap History (20 events):
Event: 1957.223 GC heap after
{Heap after GC invocations=91 (full 0):
 garbage-first heap   total 553984K, used 155545K [0x0000000080000000, 0x0000000100000000)
  region size 1024K, 4 young (4096K), 4 survivors (4096K)
 Metaspace       used 162107K, committed 163520K, reserved 1245184K
  class space    used 21962K, committed 22656K, reserved 1048576K
}
Event: 1957.366 GC heap before
{Heap before GC invocations=91 (full 0):
 garbage-first heap   total 553984K, used 176025K [0x0000000080000000, 0x0000000100000000)
  region size 1024K, 26 young (26624K), 4 survivors (4096K)
 Metaspace       used 162146K, committed 163520K, reserved 1245184K
  class space    used 21968K, committed 22656K, reserved 1048576K
}
Event: 1957.372 GC heap after
{Heap after GC invocations=92 (full 0):
 garbage-first heap   total 553984K, used 157885K [0x0000000080000000, 0x0000000100000000)
  region size 1024K, 6 young (6144K), 6 survivors (6144K)
 Metaspace       used 162146K, committed 163520K, reserved 1245184K
  class space    used 21968K, committed 22656K, reserved 1048576K
}
Event: 1975.904 GC heap before
{Heap before GC invocations=93 (full 0):
 garbage-first heap   total 553984K, used 416957K [0x0000000080000000, 0x0000000100000000)
  region size 1024K, 257 young (263168K), 6 survivors (6144K)
 Metaspace       used 162664K, committed 164160K, reserved 1245184K
  class space    used 22002K, committed 22720K, reserved 1048576K
}
Event: 1975.931 GC heap after
{Heap after GC invocations=94 (full 0):
 garbage-first heap   total 553984K, used 199116K [0x0000000080000000, 0x0000000100000000)
  region size 1024K, 33 young (33792K), 33 survivors (33792K)
 Metaspace       used 162664K, committed 164160K, reserved 1245184K
  class space    used 22002K, committed 22720K, reserved 1048576K
}
Event: 1975.940 GC heap before
{Heap before GC invocations=94 (full 0):
 garbage-first heap   total 553984K, used 199116K [0x0000000080000000, 0x0000000100000000)
  region size 1024K, 34 young (34816K), 33 survivors (33792K)
 Metaspace       used 162664K, committed 164160K, reserved 1245184K
  class space    used 22002K, committed 22720K, reserved 1048576K
}
Event: 1975.965 GC heap after
{Heap after GC invocations=95 (full 0):
 garbage-first heap   total 553984K, used 183554K [0x0000000080000000, 0x0000000100000000)
  region size 1024K, 3 young (3072K), 3 survivors (3072K)
 Metaspace       used 162664K, committed 164160K, reserved 1245184K
  class space    used 22002K, committed 22720K, reserved 1048576K
}
Event: 1976.053 GC heap before
{Heap before GC invocations=95 (full 0):
 garbage-first heap   total 553984K, used 192770K [0x0000000080000000, 0x0000000100000000)
  region size 1024K, 13 young (13312K), 3 survivors (3072K)
 Metaspace       used 162673K, committed 164160K, reserved 1245184K
  class space    used 22002K, committed 22720K, reserved 1048576K
}
Event: 1976.056 GC heap after
{Heap after GC invocations=96 (full 0):
 garbage-first heap   total 553984K, used 184918K [0x0000000080000000, 0x0000000100000000)
  region size 1024K, 5 young (5120K), 5 survivors (5120K)
 Metaspace       used 162673K, committed 164160K, reserved 1245184K
  class space    used 22002K, committed 22720K, reserved 1048576K
}
Event: 1977.366 GC heap before
{Heap before GC invocations=97 (full 0):
 garbage-first heap   total 553984K, used 411222K [0x0000000080000000, 0x0000000100000000)
  region size 1024K, 210 young (215040K), 5 survivors (5120K)
 Metaspace       used 162786K, committed 164224K, reserved 1245184K
  class space    used 22005K, committed 22720K, reserved 1048576K
}
Event: 1977.404 GC heap after
{Heap after GC invocations=98 (full 0):
 garbage-first heap   total 553984K, used 227902K [0x0000000080000000, 0x0000000100000000)
  region size 1024K, 27 young (27648K), 27 survivors (27648K)
 Metaspace       used 162786K, committed 164224K, reserved 1245184K
  class space    used 22005K, committed 22720K, reserved 1048576K
}
Event: 1977.419 GC heap before
{Heap before GC invocations=98 (full 0):
 garbage-first heap   total 553984K, used 228926K [0x0000000080000000, 0x0000000100000000)
  region size 1024K, 28 young (28672K), 27 survivors (27648K)
 Metaspace       used 162786K, committed 164224K, reserved 1245184K
  class space    used 22005K, committed 22720K, reserved 1048576K
}
Event: 1977.453 GC heap after
{Heap after GC invocations=99 (full 0):
 garbage-first heap   total 553984K, used 220160K [0x0000000080000000, 0x0000000100000000)
  region size 1024K, 2 young (2048K), 2 survivors (2048K)
 Metaspace       used 162786K, committed 164224K, reserved 1245184K
  class space    used 22005K, committed 22720K, reserved 1048576K
}
Event: 1978.566 GC heap before
{Heap before GC invocations=99 (full 0):
 garbage-first heap   total 553984K, used 405504K [0x0000000080000000, 0x0000000100000000)
  region size 1024K, 184 young (188416K), 2 survivors (2048K)
 Metaspace       used 162964K, committed 164416K, reserved 1245184K
  class space    used 22007K, committed 22720K, reserved 1048576K
}
Event: 1978.576 GC heap after
{Heap after GC invocations=100 (full 0):
 garbage-first heap   total 553984K, used 224255K [0x0000000080000000, 0x0000000100000000)
  region size 1024K, 6 young (6144K), 6 survivors (6144K)
 Metaspace       used 162964K, committed 164416K, reserved 1245184K
  class space    used 22007K, committed 22720K, reserved 1048576K
}
Event: 1996.867 GC heap before
{Heap before GC invocations=101 (full 0):
 garbage-first heap   total 553984K, used 394239K [0x0000000080000000, 0x0000000100000000)
  region size 1024K, 196 young (200704K), 6 survivors (6144K)
 Metaspace       used 163360K, committed 164928K, reserved 1245184K
  class space    used 22077K, committed 22848K, reserved 1048576K
}
Event: 1996.895 GC heap after
{Heap after GC invocations=102 (full 0):
 garbage-first heap   total 553984K, used 238332K [0x0000000080000000, 0x0000000100000000)
  region size 1024K, 25 young (25600K), 25 survivors (25600K)
 Metaspace       used 163360K, committed 164928K, reserved 1245184K
  class space    used 22077K, committed 22848K, reserved 1048576K
}
Event: 1996.900 GC heap before
{Heap before GC invocations=102 (full 0):
 garbage-first heap   total 553984K, used 240380K [0x0000000080000000, 0x0000000100000000)
  region size 1024K, 27 young (27648K), 25 survivors (25600K)
 Metaspace       used 163360K, committed 164928K, reserved 1245184K
  class space    used 22077K, committed 22848K, reserved 1048576K
}
Event: 1996.929 GC heap after
{Heap after GC invocations=103 (full 0):
 garbage-first heap   total 553984K, used 197619K [0x0000000080000000, 0x0000000100000000)
  region size 1024K, 3 young (3072K), 3 survivors (3072K)
 Metaspace       used 163360K, committed 164928K, reserved 1245184K
  class space    used 22077K, committed 22848K, reserved 1048576K
}
Event: 1997.175 GC heap before
{Heap before GC invocations=103 (full 0):
 garbage-first heap   total 553984K, used 245747K [0x0000000080000000, 0x0000000100000000)
  region size 1024K, 51 young (52224K), 3 survivors (3072K)
 Metaspace       used 163361K, committed 164928K, reserved 1245184K
  class space    used 22077K, committed 22848K, reserved 1048576K
}

