# JRE version: OpenJDK Runtime Environment (17.0.10) (build 17.0.10+0--11609105)
# Java VM: OpenJDK 64-Bit Server VM (17.0.10+0--11609105, mixed mode, tiered, compressed oops, compressed class ptrs, g1 gc, windows-amd64)
GC Precious Log:
 CPUs: 8 total, 8 available
 Memory: 16228M
 Large Page Support: Disabled
 NUMA Support: Disabled
 Compressed Oops: Enabled (Zero based)
 Heap Region Size: 2M
 Heap Min Capacity: 8M
 Heap Initial Capacity: 254M
 Heap Max Capacity: 4058M
 Pre-touch: Disabled
 Parallel Workers: 8
 Concurrent Workers: 2
 Concurrent Refinement Workers: 8
 Periodic GC: Disabled
Heap:
 garbage-first heap   total 163840K, used 81664K [0x0000000702600000, 0x0000000800000000)
  region size 2048K, 21 young (43008K), 2 survivors (4096K)
 Metaspace       used 54314K, committed 54656K, reserved 1114112K
  class space    used 6354K, committed 6528K, reserved 1048576K
GC Heap History (20 events):
Event: 1.367 GC heap before
{Heap before GC invocations=4 (full 0):
 garbage-first heap   total 45056K, used 25460K [0x0000000702600000, 0x0000000800000000)
  region size 2048K, 11 young (22528K), 6 survivors (12288K)
 Metaspace       used 24965K, committed 25216K, reserved 1114112K
  class space    used 2722K, committed 2816K, reserved 1048576K
}
Event: 1.380 GC heap after
{Heap after GC invocations=5 (full 0):
 garbage-first heap   total 45056K, used 19161K [0x0000000702600000, 0x0000000800000000)
  region size 2048K, 2 young (4096K), 2 survivors (4096K)
 Metaspace       used 24965K, committed 25216K, reserved 1114112K
  class space    used 2722K, committed 2816K, reserved 1048576K
}
Event: 1.504 GC heap before
{Heap before GC invocations=5 (full 0):
 garbage-first heap   total 45056K, used 25305K [0x0000000702600000, 0x0000000800000000)
  region size 2048K, 6 young (12288K), 2 survivors (4096K)
 Metaspace       used 27131K, committed 27392K, reserved 1114112K
  class space    used 2949K, committed 3072K, reserved 1048576K
}
Event: 1.507 GC heap after
{Heap after GC invocations=6 (full 0):
 garbage-first heap   total 45056K, used 20506K [0x0000000702600000, 0x0000000800000000)
  region size 2048K, 1 young (2048K), 1 survivors (2048K)
 Metaspace       used 27131K, committed 27392K, reserved 1114112K
  class space    used 2949K, committed 3072K, reserved 1048576K
}
Event: 1.628 GC heap before
{Heap before GC invocations=6 (full 0):
 garbage-first heap   total 45056K, used 26650K [0x0000000702600000, 0x0000000800000000)
  region size 2048K, 5 young (10240K), 1 survivors (2048K)
 Metaspace       used 29710K, committed 29952K, reserved 1114112K
  class space    used 3434K, committed 3520K, reserved 1048576K
}
Event: 1.630 GC heap after
{Heap after GC invocations=7 (full 0):
 garbage-first heap   total 45056K, used 20218K [0x0000000702600000, 0x0000000800000000)
  region size 2048K, 1 young (2048K), 1 survivors (2048K)
 Metaspace       used 29710K, committed 29952K, reserved 1114112K
  class space    used 3434K, committed 3520K, reserved 1048576K
}
Event: 1.768 GC heap before
{Heap before GC invocations=8 (full 0):
 garbage-first heap   total 45056K, used 28410K [0x0000000702600000, 0x0000000800000000)
  region size 2048K, 5 young (10240K), 1 survivors (2048K)
 Metaspace       used 31934K, committed 32192K, reserved 1114112K
  class space    used 3999K, committed 4096K, reserved 1048576K
}
Event: 1.771 GC heap after
{Heap after GC invocations=9 (full 0):
 garbage-first heap   total 45056K, used 20628K [0x0000000702600000, 0x0000000800000000)
  region size 2048K, 1 young (2048K), 1 survivors (2048K)
 Metaspace       used 31934K, committed 32192K, reserved 1114112K
  class space    used 3999K, committed 4096K, reserved 1048576K
}
Event: 1.933 GC heap before
{Heap before GC invocations=9 (full 0):
 garbage-first heap   total 45056K, used 30868K [0x0000000702600000, 0x0000000800000000)
  region size 2048K, 6 young (12288K), 1 survivors (2048K)
 Metaspace       used 33512K, committed 33792K, reserved 1114112K
  class space    used 4184K, committed 4288K, reserved 1048576K
}
Event: 1.937 GC heap after
{Heap after GC invocations=10 (full 0):
 garbage-first heap   total 153600K, used 22371K [0x0000000702600000, 0x0000000800000000)
  region size 2048K, 1 young (2048K), 1 survivors (2048K)
 Metaspace       used 33512K, committed 33792K, reserved 1114112K
  class space    used 4184K, committed 4288K, reserved 1048576K
}
Event: 2.784 GC heap before
{Heap before GC invocations=11 (full 0):
 garbage-first heap   total 81920K, used 65379K [0x0000000702600000, 0x0000000800000000)
  region size 2048K, 23 young (47104K), 1 survivors (2048K)
 Metaspace       used 41549K, committed 41792K, reserved 1114112K
  class space    used 4942K, committed 5056K, reserved 1048576K
}
Event: 2.799 GC heap after
{Heap after GC invocations=12 (full 0):
 garbage-first heap   total 81920K, used 28515K [0x0000000702600000, 0x0000000800000000)
  region size 2048K, 3 young (6144K), 3 survivors (6144K)
 Metaspace       used 41549K, committed 41792K, reserved 1114112K
  class space    used 4942K, committed 5056K, reserved 1048576K
}
Event: 2.827 GC heap before
{Heap before GC invocations=12 (full 0):
 garbage-first heap   total 81920K, used 30563K [0x0000000702600000, 0x0000000800000000)
  region size 2048K, 4 young (8192K), 3 survivors (6144K)
 Metaspace       used 41575K, committed 41856K, reserved 1114112K
  class space    used 4942K, committed 5056K, reserved 1048576K
}
Event: 2.838 GC heap after
{Heap after GC invocations=13 (full 0):
 garbage-first heap   total 81920K, used 29150K [0x0000000702600000, 0x0000000800000000)
  region size 2048K, 1 young (2048K), 1 survivors (2048K)
 Metaspace       used 41575K, committed 41856K, reserved 1114112K
  class space    used 4942K, committed 5056K, reserved 1048576K
}
Event: 3.279 GC heap before
{Heap before GC invocations=13 (full 0):
 garbage-first heap   total 81920K, used 55774K [0x0000000702600000, 0x0000000800000000)
  region size 2048K, 14 young (28672K), 1 survivors (2048K)
 Metaspace       used 45689K, committed 45952K, reserved 1114112K
  class space    used 5374K, committed 5504K, reserved 1048576K
}
Event: 3.287 GC heap after
{Heap after GC invocations=14 (full 0):
 garbage-first heap   total 81920K, used 32768K [0x0000000702600000, 0x0000000800000000)
  region size 2048K, 2 young (4096K), 2 survivors (4096K)
 Metaspace       used 45689K, committed 45952K, reserved 1114112K
  class space    used 5374K, committed 5504K, reserved 1048576K
}
Event: 3.656 GC heap before
{Heap before GC invocations=14 (full 0):
 garbage-first heap   total 81920K, used 57344K [0x0000000702600000, 0x0000000800000000)
  region size 2048K, 14 young (28672K), 2 survivors (4096K)
 Metaspace       used 48360K, committed 48640K, reserved 1114112K
  class space    used 5632K, committed 5760K, reserved 1048576K
}
Event: 3.671 GC heap after
{Heap after GC invocations=15 (full 0):
 garbage-first heap   total 81920K, used 37449K [0x0000000702600000, 0x0000000800000000)
  region size 2048K, 2 young (4096K), 2 survivors (4096K)
 Metaspace       used 48360K, committed 48640K, reserved 1114112K
  class space    used 5632K, committed 5760K, reserved 1048576K
}
Event: 3.836 GC heap before
{Heap before GC invocations=15 (full 0):
 garbage-first heap   total 81920K, used 55881K [0x0000000702600000, 0x0000000800000000)
  region size 2048K, 12 young (24576K), 2 survivors (4096K)
 Metaspace       used 48847K, committed 49088K, reserved 1114112K
  class space    used 5672K, committed 5760K, reserved 1048576K
}
Event: 3.851 GC heap after
{Heap after GC invocations=16 (full 0):
 garbage-first heap   total 163840K, used 44800K [0x0000000702600000, 0x0000000800000000)
  region size 2048K, 2 young (4096K), 2 survivors (4096K)
 Metaspace       used 48847K, committed 49088K, reserved 1114112K
  class space    used 5672K, committed 5760K, reserved 1048576K
}

