# JRE version: OpenJDK Runtime Environment (17.0.10) (build 17.0.10+0--11609105)
# Java VM: OpenJDK 64-Bit Server VM (17.0.10+0--11609105, mixed mode, tiered, compressed oops, compressed class ptrs, g1 gc, windows-amd64)
GC Precious Log:
 CPUs: 8 total, 8 available
 Memory: 16228M
 Large Page Support: Disabled
 NUMA Support: Disabled
 Compressed Oops: Enabled (32-bit)
 Heap Region Size: 1M
 Heap Min Capacity: 8M
 Heap Initial Capacity: 254M
 Heap Max Capacity: 2G
 Pre-touch: Disabled
 Parallel Workers: 8
 Concurrent Workers: 2
 Concurrent Refinement Workers: 8
 Periodic GC: Disabled
Heap:
 garbage-first heap   total 360448K, used 285130K [0x0000000080000000, 0x0000000100000000)
  region size 1024K, 35 young (35840K), 6 survivors (6144K)
 Metaspace       used 129300K, committed 130560K, reserved 1179648K
  class space    used 17227K, committed 17856K, reserved 1048576K
GC Heap History (20 events):
Event: 820.158 GC heap before
{Heap before GC invocations=82 (full 0):
 garbage-first heap   total 297984K, used 256870K [0x0000000080000000, 0x0000000100000000)
  region size 1024K, 26 young (26624K), 4 survivors (4096K)
 Metaspace       used 128603K, committed 129920K, reserved 1179648K
  class space    used 17200K, committed 17856K, reserved 1048576K
}
Event: 820.172 GC heap after
{Heap after GC invocations=83 (full 0):
 garbage-first heap   total 297984K, used 238414K [0x0000000080000000, 0x0000000100000000)
  region size 1024K, 3 young (3072K), 3 survivors (3072K)
 Metaspace       used 128603K, committed 129920K, reserved 1179648K
  class space    used 17200K, committed 17856K, reserved 1048576K
}
Event: 820.341 GC heap before
{Heap before GC invocations=83 (full 0):
 garbage-first heap   total 297984K, used 257870K [0x0000000080000000, 0x0000000100000000)
  region size 1024K, 23 young (23552K), 3 survivors (3072K)
 Metaspace       used 128659K, committed 129984K, reserved 1179648K
  class space    used 17204K, committed 17856K, reserved 1048576K
}
Event: 820.346 GC heap after
{Heap after GC invocations=84 (full 0):
 garbage-first heap   total 297984K, used 240429K [0x0000000080000000, 0x0000000100000000)
  region size 1024K, 3 young (3072K), 3 survivors (3072K)
 Metaspace       used 128659K, committed 129984K, reserved 1179648K
  class space    used 17204K, committed 17856K, reserved 1048576K
}
Event: 842.414 GC heap before
{Heap before GC invocations=84 (full 0):
 garbage-first heap   total 297984K, used 258861K [0x0000000080000000, 0x0000000100000000)
  region size 1024K, 21 young (21504K), 3 survivors (3072K)
 Metaspace       used 128743K, committed 130048K, reserved 1179648K
  class space    used 17211K, committed 17856K, reserved 1048576K
}
Event: 842.427 GC heap after
{Heap after GC invocations=85 (full 0):
 garbage-first heap   total 297984K, used 241543K [0x0000000080000000, 0x0000000100000000)
  region size 1024K, 2 young (2048K), 2 survivors (2048K)
 Metaspace       used 128743K, committed 130048K, reserved 1179648K
  class space    used 17211K, committed 17856K, reserved 1048576K
}
Event: 842.677 GC heap before
{Heap before GC invocations=85 (full 0):
 garbage-first heap   total 297984K, used 259975K [0x0000000080000000, 0x0000000100000000)
  region size 1024K, 20 young (20480K), 2 survivors (2048K)
 Metaspace       used 128763K, committed 130112K, reserved 1179648K
  class space    used 17211K, committed 17856K, reserved 1048576K
}
Event: 842.682 GC heap after
{Heap after GC invocations=86 (full 0):
 garbage-first heap   total 297984K, used 244131K [0x0000000080000000, 0x0000000100000000)
  region size 1024K, 3 young (3072K), 3 survivors (3072K)
 Metaspace       used 128763K, committed 130112K, reserved 1179648K
  class space    used 17211K, committed 17856K, reserved 1048576K
}
Event: 842.998 GC heap before
{Heap before GC invocations=86 (full 0):
 garbage-first heap   total 297984K, used 260515K [0x0000000080000000, 0x0000000100000000)
  region size 1024K, 19 young (19456K), 3 survivors (3072K)
 Metaspace       used 128807K, committed 130112K, reserved 1179648K
  class space    used 17211K, committed 17856K, reserved 1048576K
}
Event: 843.007 GC heap after
{Heap after GC invocations=87 (full 0):
 garbage-first heap   total 297984K, used 246541K [0x0000000080000000, 0x0000000100000000)
  region size 1024K, 3 young (3072K), 3 survivors (3072K)
 Metaspace       used 128807K, committed 130112K, reserved 1179648K
  class space    used 17211K, committed 17856K, reserved 1048576K
}
Event: 843.448 GC heap before
{Heap before GC invocations=87 (full 0):
 garbage-first heap   total 297984K, used 259853K [0x0000000080000000, 0x0000000100000000)
  region size 1024K, 16 young (16384K), 3 survivors (3072K)
 Metaspace       used 128912K, committed 130240K, reserved 1179648K
  class space    used 17211K, committed 17856K, reserved 1048576K
}
Event: 843.457 GC heap after
{Heap after GC invocations=88 (full 0):
 garbage-first heap   total 297984K, used 248481K [0x0000000080000000, 0x0000000100000000)
  region size 1024K, 2 young (2048K), 2 survivors (2048K)
 Metaspace       used 128912K, committed 130240K, reserved 1179648K
  class space    used 17211K, committed 17856K, reserved 1048576K
}
Event: 843.675 GC heap before
{Heap before GC invocations=88 (full 0):
 garbage-first heap   total 297984K, used 259745K [0x0000000080000000, 0x0000000100000000)
  region size 1024K, 14 young (14336K), 2 survivors (2048K)
 Metaspace       used 128934K, committed 130240K, reserved 1179648K
  class space    used 17211K, committed 17856K, reserved 1048576K
}
Event: 843.679 GC heap after
{Heap after GC invocations=89 (full 0):
 garbage-first heap   total 297984K, used 249275K [0x0000000080000000, 0x0000000100000000)
  region size 1024K, 1 young (1024K), 1 survivors (1024K)
 Metaspace       used 128934K, committed 130240K, reserved 1179648K
  class space    used 17211K, committed 17856K, reserved 1048576K
}
Event: 843.877 GC heap before
{Heap before GC invocations=89 (full 0):
 garbage-first heap   total 297984K, used 262587K [0x0000000080000000, 0x0000000100000000)
  region size 1024K, 14 young (14336K), 1 survivors (1024K)
 Metaspace       used 129019K, committed 130304K, reserved 1179648K
  class space    used 17211K, committed 17856K, reserved 1048576K
}
Event: 843.886 GC heap after
{Heap after GC invocations=90 (full 0):
 garbage-first heap   total 297984K, used 251225K [0x0000000080000000, 0x0000000100000000)
  region size 1024K, 2 young (2048K), 2 survivors (2048K)
 Metaspace       used 129019K, committed 130304K, reserved 1179648K
  class space    used 17211K, committed 17856K, reserved 1048576K
}
Event: 844.141 GC heap before
{Heap before GC invocations=90 (full 0):
 garbage-first heap   total 297984K, used 263513K [0x0000000080000000, 0x0000000100000000)
  region size 1024K, 14 young (14336K), 2 survivors (2048K)
 Metaspace       used 129043K, committed 130368K, reserved 1179648K
  class space    used 17211K, committed 17856K, reserved 1048576K
}
Event: 844.145 GC heap after
{Heap after GC invocations=91 (full 0):
 garbage-first heap   total 360448K, used 253251K [0x0000000080000000, 0x0000000100000000)
  region size 1024K, 2 young (2048K), 2 survivors (2048K)
 Metaspace       used 129043K, committed 130368K, reserved 1179648K
  class space    used 17211K, committed 17856K, reserved 1048576K
}
Event: 860.340 GC heap before
{Heap before GC invocations=91 (full 0):
 garbage-first heap   total 360448K, used 299331K [0x0000000080000000, 0x0000000100000000)
  region size 1024K, 47 young (48128K), 2 survivors (2048K)
 Metaspace       used 129206K, committed 130496K, reserved 1179648K
  class space    used 17220K, committed 17856K, reserved 1048576K
}
Event: 860.346 GC heap after
{Heap after GC invocations=92 (full 0):
 garbage-first heap   total 360448K, used 256458K [0x0000000080000000, 0x0000000100000000)
  region size 1024K, 6 young (6144K), 6 survivors (6144K)
 Metaspace       used 129206K, committed 130496K, reserved 1179648K
  class space    used 17220K, committed 17856K, reserved 1048576K
}

